<?xml version="1.0" encoding="UTF-8"?>
<testsuite name="org.example.MoneyOneParamAnnotationTest" tests="3" skipped="0" failures="0" errors="0" timestamp="2024-05-08T05:43:42" hostname="DESKTOP-ISBRMRE" time="0.131">
  <properties/>
  <testcase name="[1] 10" classname="org.example.MoneyOneParamAnnotationTest" time="0.121"/>
  <testcase name="[2] 15" classname="org.example.MoneyOneParamAnnotationTest" time="0.001"/>
  <testcase name="[3] 50" classname="org.example.MoneyOneParamAnnotationTest" time="0.002"/>
  <system-out><![CDATA[]]></system-out>
  <system-err><![CDATA[]]></system-err>
</testsuite>
